<?xml version="1.0" encoding="UTF-8"?>
<testng-results ignored="3" total="4" passed="1" failed="0" skipped="0">
  <reporter-output>
  </reporter-output>
  <suite started-at="2024-11-27T16:09:37 IST" name="Default suite" finished-at="2024-11-27T16:09:42 IST" duration-ms="5073">
    <groups>
    </groups>
    <test started-at="2024-11-27T16:09:37 IST" name="Default test" finished-at="2024-11-27T16:09:42 IST" duration-ms="5073">
      <class name="tester.WelUp">
        <test-method is-config="true" signature="setup()[pri:0, instance:tester.WelUp@32f232a5]" started-at="2024-11-27T16:09:37 IST" name="setup" finished-at="2024-11-27T16:09:37 IST" duration-ms="11" status="PASS">
          <reporter-output>
          </reporter-output>
        </test-method> <!-- setup -->
        <test-method signature="AddEmployee()[pri:3, instance:tester.WelUp@32f232a5]" started-at="2024-11-27T16:09:37 IST" name="AddEmployee" finished-at="2024-11-27T16:09:41 IST" duration-ms="4738" status="PASS">
          <reporter-output>
          </reporter-output>
        </test-method> <!-- AddEmployee -->
        <test-method is-config="true" signature="tearDown()[pri:0, instance:tester.WelUp@32f232a5]" started-at="2024-11-27T16:09:41 IST" name="tearDown" finished-at="2024-11-27T16:09:42 IST" duration-ms="279" status="PASS">
          <reporter-output>
          </reporter-output>
        </test-method> <!-- tearDown -->
      </class> <!-- tester.WelUp -->
    </test> <!-- Default test -->
  </suite> <!-- Default suite -->
</testng-results>
